[20:55:37] [Paper Plugin Remapper Thread - 2/INFO]: [PluginRemapper] Remapping plugin 'plugins/helicopter-.jar'...
[20:55:37] [Paper Plugin Remapper Thread - 2/INFO]: [PluginRemapper] Done remapping plugin 'plugins/helicopter-.jar' in 628ms.
[20:55:42] [ServerMain/INFO]: Environment: Environment[sessionHost=https://sessionserver.mojang.com, servicesHost=https://api.minecraftservices.com, name=PROD]
[20:55:45] [ServerMain/INFO]: Loaded 1175 recipes
[20:55:45] [ServerMain/INFO]: Loaded 1276 advancements
[20:55:45] [Server thread/INFO]: Starting minecraft server version 1.20.6
[20:55:45] [Server thread/INFO]: Loading properties
[20:55:45] [Server thread/INFO]: This server is running Paper version git-Paper-70 (MC: 1.20.6) (Implementing API version 1.20.6-R0.1-SNAPSHOT) (Git: f041f48)
[20:55:46] [Server thread/INFO]: Server Ping Player Sample Count: 12
[20:55:46] [Server thread/INFO]: Using 4 threads for Netty based IO
[20:55:47] [Server thread/WARN]: [!] The timings profiler has been enabled but has been scheduled for removal from Paper in the future.
    We recommend installing the spark profiler as a replacement: https://spark.lucko.me/
    For more information please visit: https://github.com/PaperMC/Paper/issues/8948
[20:55:47] [Server thread/INFO]: [ChunkTaskScheduler] Chunk system is using 1 I/O threads, 1 worker threads, and gen parallelism of 1 threads
[20:55:47] [Server thread/INFO]: Default game type: SURVIVAL
[20:55:47] [Server thread/INFO]: Generating keypair
[20:55:48] [Server thread/INFO]: Starting Minecraft server on *:25565
[20:55:48] [Server thread/INFO]: Using epoll channel type
[20:55:48] [Server thread/INFO]: Paper: Using libdeflate (Linux x86_64) compression from Velocity.
[20:55:48] [Server thread/INFO]: Paper: Using OpenSSL 3.0.x (Linux x86_64) cipher from Velocity.
[20:55:48] [Server thread/INFO]: [packetevents] Loading server plugin packetevents v2.2.1
[20:55:53] [Server thread/INFO]: [helicopter] Loading server plugin helicopter v${version}
[20:55:53] [Server thread/INFO]: [spark] Loading server plugin spark v1.10.67
[20:55:53] [Server thread/INFO]: Server permissions file permissions.yml is empty, ignoring it
[20:55:53] [Server thread/WARN]: **** SERVER IS RUNNING IN OFFLINE/INSECURE MODE!
[20:55:53] [Server thread/WARN]: The server will make no attempt to authenticate usernames. Beware.
[20:55:53] [Server thread/WARN]: While this makes the game possible to play without internet access, it also opens up the ability for hackers to connect with any username they choose.
[20:55:53] [Server thread/WARN]: To change this, set "online-mode" to "true" in the server.properties file.
[20:55:53] [Server thread/INFO]: Preparing level "world"
[20:55:53] [Server thread/INFO]: Preparing start region for dimension minecraft:overworld
[20:55:54] [Server thread/INFO]: Time elapsed: 1061 ms
[20:55:54] [Server thread/INFO]: Preparing start region for dimension minecraft:the_end
[20:55:54] [Server thread/INFO]: Time elapsed: 137 ms
[20:55:54] [Server thread/INFO]: [packetevents] Enabling packetevents v2.2.1
[20:55:54] [packetevents-update-check-thread/INFO]: [packetevents] Checking for updates, please wait...
[20:55:54] [Server thread/INFO]: [helicopter] Enabling helicopter v${version}
[20:55:54] [Server thread/INFO]: [spark] Enabling spark v1.10.67
[20:55:55] [packetevents-update-check-thread/INFO]: [packetevents] There is an update available for packetevents! Your build: (2.2.1) | Latest released build: (2.3.0)
[20:55:55] [Server thread/INFO]: [spark] Using Paper ServerTickStartEvent for tick monitoring
[20:55:55] [Server thread/INFO]: [spark] Starting background profiler...
[20:55:56] [Server thread/INFO]: Running delayed init tasks
[20:55:56] [Server thread/INFO]: Done (11.215s)! For help, type "help"
[20:55:56] [Server thread/INFO]: Timings Reset
[20:56:02] [User Authenticator #0/INFO]: UUID of player awesomebrownies is af03ba29-a0bd-3df7-ae75-e1e1b4a5a21a
[20:56:03] [Netty Epoll Server IO #1/WARN]: [com.github.retrooper.packetevents.PacketEventsAPI] No data was sent for dimension Compound{{name=String(minecraft:overworld), id=Int(0)}} to awesomebrownies
[20:56:03] [Server thread/INFO]: joined
[20:56:03] [Server thread/INFO]: awesomebrownies joined the game
[20:56:03] [Server thread/INFO]: awesomebrownies[/127.0.0.1:35710] logged in with entity id 18 at ([world]-324.3913925089254, 63.0, -966.1481305339063)
[21:20:43] [Server thread/INFO]: HI
[21:21:01] [Server thread/INFO]: HI
[21:21:53] [Server thread/INFO]: HI
[21:26:59] [Server thread/INFO]: awesomebrownies issued server command: /helicopter remove 19
[21:27:01] [Server thread/INFO]: awesomebrownies issued server command: /gamemode spectator
[21:27:01] [Server thread/INFO]: [awesomebrownies: Set own game mode to Spectator Mode]
[21:27:07] [Server thread/INFO]: awesomebrownies issued server command: /gamemode creative
[21:27:07] [Server thread/INFO]: [awesomebrownies: Set own game mode to Creative Mode]
[21:27:13] [Server thread/INFO]: awesomebrownies issued server command: /gamemode spectator
[21:27:13] [Server thread/INFO]: [awesomebrownies: Set own game mode to Spectator Mode]
[21:29:00] [Server thread/INFO]: Stopping server
[21:29:00] [Server thread/INFO]: [spark] Disabling spark v1.10.67
[21:29:00] [Server thread/INFO]: [helicopter] Disabling helicopter v${version}
[21:29:00] [Server thread/INFO]: [packetevents] Disabling packetevents v2.2.1
[21:29:00] [Server thread/INFO]: Saving players
[21:29:00] [Server thread/INFO]: awesomebrownies lost connection: Server closed
[21:29:00] [Server thread/INFO]: awesomebrownies left the game
[21:29:00] [Server thread/INFO]: Saving worlds
[21:29:00] [Server thread/INFO]: Saving chunks for level 'ServerLevel[world]'/minecraft:overworld
[21:29:00] [Server thread/INFO]: [ChunkHolderManager] Waiting 60s for chunk system to halt for world 'world'
[21:29:00] [Server thread/INFO]: [ChunkHolderManager] Halted chunk system for world 'world'
[21:29:00] [Server thread/INFO]: [ChunkHolderManager] Saving all chunkholders for world 'world'
[21:29:02] [Server thread/INFO]: [ChunkHolderManager] Saved 1322 block chunks, 1120 entity chunks, 0 poi chunks in world 'world' in 1.34s
[21:29:02] [Server thread/INFO]: ThreadedAnvilChunkStorage (world): All chunks are saved
[21:29:02] [Server thread/INFO]: Saving chunks for level 'ServerLevel[world_the_end]'/minecraft:the_end
[21:29:02] [Server thread/INFO]: [ChunkHolderManager] Waiting 60s for chunk system to halt for world 'world_the_end'
[21:29:02] [Server thread/INFO]: [ChunkHolderManager] Halted chunk system for world 'world_the_end'
[21:29:02] [Server thread/INFO]: [ChunkHolderManager] Saving all chunkholders for world 'world_the_end'
[21:29:02] [Server thread/INFO]: [ChunkHolderManager] Saved 0 block chunks, 10 entity chunks, 0 poi chunks in world 'world_the_end' in 0.00s
[21:29:02] [Server thread/INFO]: ThreadedAnvilChunkStorage (DIM1): All chunks are saved
[21:29:02] [Server thread/INFO]: ThreadedAnvilChunkStorage: All dimensions are saved
[21:29:02] [Server thread/INFO]: Flushing Chunk IO
[21:29:02] [Server thread/INFO]: Closing Thread Pool
[21:29:02] [Server thread/INFO]: Closing Server
